\BOOKMARK [1][-]{section.1}{Utilisation de SNMP comme vecteur de monitoring}{}% 1
\BOOKMARK [2][-]{subsection.1.1}{Installez le client SNMP sous Linux}{section.1}% 2
\BOOKMARK [1][-]{section.2}{Utilisez le client SNMP afin de visualiser les informations des machineslist\351es dans le "terrain de jeux"}{}% 3
\BOOKMARK [2][-]{subsection.2.1}{Interrogation via SNMP du serveur ayant pour IP 10.6.0.1.}{section.2}% 4
\BOOKMARK [3][-]{subsubsection.2.1.1}{Dumper l\220ensemble des informations du serveur distant via un snmpwalk}{subsection.2.1}% 5
\BOOKMARK [3][-]{subsubsection.2.1.2}{Retrouver le syst\350me d\220exploitation de la machine via un snmpget.}{subsection.2.1}% 6
\BOOKMARK [3][-]{subsubsection.2.1.3}{Afficher l\220arbre system de la mib \340 l\220aide de la commande }{subsection.2.1}% 7
\BOOKMARK [3][-]{subsubsection.2.1.4}{Traduisez en oid SNMPv2-MIB : :system et r\351ciproquement}{subsection.2.1}% 8
\BOOKMARK [3][-]{subsubsection.2.1.5}{Retrouvez \340 l\220aide de snmpnetstat la liste des connections TCP et UDP du serveur distant}{subsection.2.1}% 9
\BOOKMARK [3][-]{subsubsection.2.1.6}{ quoi sert la commande snmpgetnext ? Utilisez la pour retrouvez SNMPv2-MIB : :sysContact.0}{subsection.2.1}% 10
\BOOKMARK [1][-]{section.3}{Utilisation d\220OMD comme logiciel de supervision SNMP}{}% 11
\BOOKMARK [2][-]{subsection.3.1}{Supervisez avec OMD}{section.3}% 12
\BOOKMARK [2][-]{subsection.3.2}{Quelques services Configur\351}{section.3}% 13
\BOOKMARK [1][-]{section.4}{M\351trologie de vos serveurs et postes de travail avec Grafana.}{}% 14
\BOOKMARK [2][-]{subsection.4.1}{Installation de Grafana/influxDB c\364t\351 serveur.}{section.4}% 15
\BOOKMARK [2][-]{subsection.4.2}{ Configuration de la source de donn\351es Collectd.}{section.4}% 16
\BOOKMARK [2][-]{subsection.4.3}{Importation d\220un dashboard pour telegraf}{section.4}% 17
\BOOKMARK [1][-]{section.5}{Connexion \340 influxDB}{}% 18
\BOOKMARK [2][-]{subsection.5.1}{Donnez le nom des bases}{section.5}% 19
\BOOKMARK [2][-]{subsection.5.2}{Lister les USERS }{section.5}% 20
\BOOKMARK [2][-]{subsection.5.3}{Donner la liste des "time series" par base.}{section.5}% 21
\BOOKMARK [2][-]{subsection.5.4}{Enregistrements group\351 par tranche de 10s }{section.5}% 22
